<?xml version="1.0" encoding="UTF-8"?>
<!-- Generated by org.testng.reporters.JUnitXMLReporter -->
<testsuite hostname="DESKTOP-1F94S9A" ignored="0" name="Test" tests="1" failures="0" timestamp="28 Dec 2019 11:19:57 GMT" time="0.1" errors="0">
  <testcase name="@BeforeTest test" time="0.0" classname="seleniumPreparation.PARAMETERANNOTATION">
    <failure type="org.testng.TestNGException" message="
Parameter &amp;apos;browser&amp;apos; is required by BeforeTest on method test but has not been marked @Optional or defined
in C:\Users\Admin\eclipse-workspace\seleniumPreparation\testng.xml">
      <![CDATA[org.testng.TestNGException: 
Parameter 'browser' is required by BeforeTest on method test but has not been marked @Optional or defined
in C:\Users\Admin\eclipse-workspace\seleniumPreparation\testng.xml
... Removed 21 stack frames]]>
    </failure>
  </testcase> <!-- @BeforeTest test -->
  <testcase name="main" time="0.0" classname="seleniumPreparation.PARAMETERANNOTATION">
    <skipped/>
  </testcase> <!-- main -->
</testsuite> <!-- Test -->
